Total messages: 31 (Errors: 20, Warnings: 0)
Returning 20 messages for level "error"

[ERROR] Failed to load resource: the server responded with a status of 404 () @ https://qecwxvvlpvrnrqyrdxrj.supabase.co/rest/v1/conversations?select=id&or=%28trainer_id.eq.cff3c407-c0cf-478b-8197-372dd07180bc%2Cclient_id.eq.cff3c407-c0cf-478b-8197-372dd07180bc%29:0
[ERROR] Failed to load resource: the server responded with a status of 404 () @ https://qecwxvvlpvrnrqyrdxrj.supabase.co/rest/v1/conversations?select=id&or=%28trainer_id.eq.cff3c407-c0cf-478b-8197-372dd07180bc%2Cclient_id.eq.cff3c407-c0cf-478b-8197-372dd07180bc%29:0
[ERROR] Failed to load resource: the server responded with a status of 404 () @ https://qecwxvvlpvrnrqyrdxrj.supabase.co/rest/v1/conversations?select=id&or=%28trainer_id.eq.cff3c407-c0cf-478b-8197-372dd07180bc%2Cclient_id.eq.cff3c407-c0cf-478b-8197-372dd07180bc%29:0
[ERROR] Failed to load resource: the server responded with a status of 404 () @ https://qecwxvvlpvrnrqyrdxrj.supabase.co/rest/v1/conversations?select=id&or=%28trainer_id.eq.cff3c407-c0cf-478b-8197-372dd07180bc%2Cclient_id.eq.cff3c407-c0cf-478b-8197-372dd07180bc%29:0
[ERROR] Failed to load resource: net::ERR_NAME_NOT_RESOLVED @ https://m.stripe.com/6:0
[ERROR] Failed to load resource: the server responded with a status of 400 () @ https://qecwxvvlpvrnrqyrdxrj.supabase.co/rest/v1/trainer_profiles?id=eq.1fca740c-3b46-4750-8648-cf76d9f63050:0
[ERROR] Failed to load resource: the server responded with a status of 404 () @ https://qecwxvvlpvrnrqyrdxrj.supabase.co/rest/v1/conversations?select=id&or=%28trainer_id.eq.cff3c407-c0cf-478b-8197-372dd07180bc%2Cclient_id.eq.cff3c407-c0cf-478b-8197-372dd07180bc%29:0
[ERROR] Failed to load resource: the server responded with a status of 404 () @ https://qecwxvvlpvrnrqyrdxrj.supabase.co/rest/v1/conversations?select=id&or=%28trainer_id.eq.cff3c407-c0cf-478b-8197-372dd07180bc%2Cclient_id.eq.cff3c407-c0cf-478b-8197-372dd07180bc%29:0
[ERROR] Failed to load resource: the server responded with a status of 404 () @ https://qecwxvvlpvrnrqyrdxrj.supabase.co/rest/v1/conversations?select=id&or=%28trainer_id.eq.cff3c407-c0cf-478b-8197-372dd07180bc%2Cclient_id.eq.cff3c407-c0cf-478b-8197-372dd07180bc%29:0
[ERROR] Failed to load resource: the server responded with a status of 404 () @ https://qecwxvvlpvrnrqyrdxrj.supabase.co/rest/v1/conversations?select=id&or=%28trainer_id.eq.cff3c407-c0cf-478b-8197-372dd07180bc%2Cclient_id.eq.cff3c407-c0cf-478b-8197-372dd07180bc%29:0
[ERROR] Failed to load resource: net::ERR_NAME_NOT_RESOLVED @ https://m.stripe.com/6:0
[ERROR] Failed to load resource: the server responded with a status of 400 () @ https://qecwxvvlpvrnrqyrdxrj.supabase.co/rest/v1/trainer_profiles?id=eq.1fca740c-3b46-4750-8648-cf76d9f63050:0
[ERROR] [goLive] DB update failed: {"code":"PGRST204","details":null,"hint":null,"message":"Could not find the 'availability_session_started_at' column of 'trainer_profiles' in the schema cache"} @ http://localhost:3001/src/hooks/useAvailabilitySession.ts?t=1773888068071:103
[ERROR] Failed to load resource: the server responded with a status of 404 () @ https://qecwxvvlpvrnrqyrdxrj.supabase.co/rest/v1/conversations?select=id&or=%28trainer_id.eq.cff3c407-c0cf-478b-8197-372dd07180bc%2Cclient_id.eq.cff3c407-c0cf-478b-8197-372dd07180bc%29:0
[ERROR] Failed to load resource: the server responded with a status of 404 () @ https://qecwxvvlpvrnrqyrdxrj.supabase.co/rest/v1/conversations?select=id&or=%28trainer_id.eq.cff3c407-c0cf-478b-8197-372dd07180bc%2Cclient_id.eq.cff3c407-c0cf-478b-8197-372dd07180bc%29:0
[ERROR] Failed to load resource: the server responded with a status of 404 () @ https://qecwxvvlpvrnrqyrdxrj.supabase.co/rest/v1/conversations?select=id&or=%28trainer_id.eq.cff3c407-c0cf-478b-8197-372dd07180bc%2Cclient_id.eq.cff3c407-c0cf-478b-8197-372dd07180bc%29:0
[ERROR] Failed to load resource: the server responded with a status of 404 () @ https://qecwxvvlpvrnrqyrdxrj.supabase.co/rest/v1/conversations?select=id&or=%28trainer_id.eq.cff3c407-c0cf-478b-8197-372dd07180bc%2Cclient_id.eq.cff3c407-c0cf-478b-8197-372dd07180bc%29:0
[ERROR] Failed to load resource: net::ERR_NAME_NOT_RESOLVED @ https://m.stripe.com/6:0
[ERROR] Failed to load resource: the server responded with a status of 400 () @ https://qecwxvvlpvrnrqyrdxrj.supabase.co/rest/v1/trainer_profiles?id=eq.1fca740c-3b46-4750-8648-cf76d9f63050:0
[ERROR] [goLive] DB update failed: {"code":"PGRST204","details":null,"hint":null,"message":"Could not find the 'availability_session_started_at' column of 'trainer_profiles' in the schema cache"} @ http://localhost:3001/src/hooks/useAvailabilitySession.ts?t=1773888068071:103