[     293ms] [ERROR] Failed to load resource: the server responded with a status of 404 () @ https://qecwxvvlpvrnrqyrdxrj.supabase.co/rest/v1/conversations?select=id&or=%28trainer_id.eq.cff3c407-c0cf-478b-8197-372dd07180bc%2Cclient_id.eq.cff3c407-c0cf-478b-8197-372dd07180bc%29:0
[     499ms] [ERROR] Failed to load resource: the server responded with a status of 404 () @ https://qecwxvvlpvrnrqyrdxrj.supabase.co/rest/v1/conversations?select=id&or=%28trainer_id.eq.cff3c407-c0cf-478b-8197-372dd07180bc%2Cclient_id.eq.cff3c407-c0cf-478b-8197-372dd07180bc%29:0
[     721ms] [ERROR] Failed to load resource: the server responded with a status of 404 () @ https://qecwxvvlpvrnrqyrdxrj.supabase.co/rest/v1/conversations?select=id&or=%28trainer_id.eq.cff3c407-c0cf-478b-8197-372dd07180bc%2Cclient_id.eq.cff3c407-c0cf-478b-8197-372dd07180bc%29:0
[     882ms] [ERROR] Failed to load resource: the server responded with a status of 404 () @ https://qecwxvvlpvrnrqyrdxrj.supabase.co/rest/v1/conversations?select=id&or=%28trainer_id.eq.cff3c407-c0cf-478b-8197-372dd07180bc%2Cclient_id.eq.cff3c407-c0cf-478b-8197-372dd07180bc%29:0
[    1231ms] [ERROR] Failed to load resource: net::ERR_NAME_NOT_RESOLVED @ https://m.stripe.com/6:0
[   28209ms] [ERROR] Failed to load resource: the server responded with a status of 400 () @ https://qecwxvvlpvrnrqyrdxrj.supabase.co/rest/v1/trainer_profiles?id=eq.1fca740c-3b46-4750-8648-cf76d9f63050:0
[   62692ms] [ERROR] Failed to load resource: the server responded with a status of 404 () @ https://qecwxvvlpvrnrqyrdxrj.supabase.co/rest/v1/conversations?select=id&or=%28trainer_id.eq.cff3c407-c0cf-478b-8197-372dd07180bc%2Cclient_id.eq.cff3c407-c0cf-478b-8197-372dd07180bc%29:0
[   62848ms] [ERROR] Failed to load resource: the server responded with a status of 404 () @ https://qecwxvvlpvrnrqyrdxrj.supabase.co/rest/v1/conversations?select=id&or=%28trainer_id.eq.cff3c407-c0cf-478b-8197-372dd07180bc%2Cclient_id.eq.cff3c407-c0cf-478b-8197-372dd07180bc%29:0
[   63064ms] [ERROR] Failed to load resource: the server responded with a status of 404 () @ https://qecwxvvlpvrnrqyrdxrj.supabase.co/rest/v1/conversations?select=id&or=%28trainer_id.eq.cff3c407-c0cf-478b-8197-372dd07180bc%2Cclient_id.eq.cff3c407-c0cf-478b-8197-372dd07180bc%29:0
[   63180ms] [ERROR] Failed to load resource: the server responded with a status of 404 () @ https://qecwxvvlpvrnrqyrdxrj.supabase.co/rest/v1/conversations?select=id&or=%28trainer_id.eq.cff3c407-c0cf-478b-8197-372dd07180bc%2Cclient_id.eq.cff3c407-c0cf-478b-8197-372dd07180bc%29:0
[   63833ms] [ERROR] Failed to load resource: net::ERR_NAME_NOT_RESOLVED @ https://m.stripe.com/6:0
[   91551ms] [ERROR] Failed to load resource: the server responded with a status of 400 () @ https://qecwxvvlpvrnrqyrdxrj.supabase.co/rest/v1/trainer_profiles?id=eq.1fca740c-3b46-4750-8648-cf76d9f63050:0
[   91551ms] [ERROR] [goLive] DB update failed: {"code":"PGRST204","details":null,"hint":null,"message":"Could not find the 'availability_session_started_at' column of 'trainer_profiles' in the schema cache"} @ http://localhost:3001/src/hooks/useAvailabilitySession.ts?t=1773888068071:103
[  153998ms] [ERROR] Failed to load resource: the server responded with a status of 404 () @ https://qecwxvvlpvrnrqyrdxrj.supabase.co/rest/v1/conversations?select=id&or=%28trainer_id.eq.cff3c407-c0cf-478b-8197-372dd07180bc%2Cclient_id.eq.cff3c407-c0cf-478b-8197-372dd07180bc%29:0
[  154157ms] [ERROR] Failed to load resource: the server responded with a status of 404 () @ https://qecwxvvlpvrnrqyrdxrj.supabase.co/rest/v1/conversations?select=id&or=%28trainer_id.eq.cff3c407-c0cf-478b-8197-372dd07180bc%2Cclient_id.eq.cff3c407-c0cf-478b-8197-372dd07180bc%29:0
[  154596ms] [ERROR] Failed to load resource: the server responded with a status of 404 () @ https://qecwxvvlpvrnrqyrdxrj.supabase.co/rest/v1/conversations?select=id&or=%28trainer_id.eq.cff3c407-c0cf-478b-8197-372dd07180bc%2Cclient_id.eq.cff3c407-c0cf-478b-8197-372dd07180bc%29:0
[  154722ms] [ERROR] Failed to load resource: the server responded with a status of 404 () @ https://qecwxvvlpvrnrqyrdxrj.supabase.co/rest/v1/conversations?select=id&or=%28trainer_id.eq.cff3c407-c0cf-478b-8197-372dd07180bc%2Cclient_id.eq.cff3c407-c0cf-478b-8197-372dd07180bc%29:0
[  155093ms] [ERROR] Failed to load resource: net::ERR_NAME_NOT_RESOLVED @ https://m.stripe.com/6:0
[  171575ms] [ERROR] Failed to load resource: the server responded with a status of 400 () @ https://qecwxvvlpvrnrqyrdxrj.supabase.co/rest/v1/trainer_profiles?id=eq.1fca740c-3b46-4750-8648-cf76d9f63050:0
[  171576ms] [ERROR] [goLive] DB update failed: {"code":"PGRST204","details":null,"hint":null,"message":"Could not find the 'availability_session_started_at' column of 'trainer_profiles' in the schema cache"} @ http://localhost:3001/src/hooks/useAvailabilitySession.ts?t=1773888068071:103
[  756839ms] [ERROR] Failed to load resource: the server responded with a status of 404 () @ https://qecwxvvlpvrnrqyrdxrj.supabase.co/rest/v1/conversations?select=id&or=%28trainer_id.eq.cff3c407-c0cf-478b-8197-372dd07180bc%2Cclient_id.eq.cff3c407-c0cf-478b-8197-372dd07180bc%29:0
[  757038ms] [ERROR] Failed to load resource: the server responded with a status of 404 () @ https://qecwxvvlpvrnrqyrdxrj.supabase.co/rest/v1/conversations?select=id&or=%28trainer_id.eq.cff3c407-c0cf-478b-8197-372dd07180bc%2Cclient_id.eq.cff3c407-c0cf-478b-8197-372dd07180bc%29:0
[  757332ms] [ERROR] Failed to load resource: the server responded with a status of 404 () @ https://qecwxvvlpvrnrqyrdxrj.supabase.co/rest/v1/conversations?select=id&or=%28trainer_id.eq.cff3c407-c0cf-478b-8197-372dd07180bc%2Cclient_id.eq.cff3c407-c0cf-478b-8197-372dd07180bc%29:0
[  757460ms] [ERROR] Failed to load resource: the server responded with a status of 404 () @ https://qecwxvvlpvrnrqyrdxrj.supabase.co/rest/v1/conversations?select=id&or=%28trainer_id.eq.cff3c407-c0cf-478b-8197-372dd07180bc%2Cclient_id.eq.cff3c407-c0cf-478b-8197-372dd07180bc%29:0
[  757744ms] [ERROR] Failed to load resource: net::ERR_NAME_NOT_RESOLVED @ https://m.stripe.com/6:0
